Traceback (most recent call last):
  File "/opt/conda/lib/python3.9/site-packages/jupyter_cache/executors/utils.py", line 51, in single_nb_execution
    executenb(
  File "/opt/conda/lib/python3.9/site-packages/nbclient/client.py", line 1204, in execute
    return NotebookClient(nb=nb, resources=resources, km=km, **kwargs).execute()
  File "/opt/conda/lib/python3.9/site-packages/nbclient/util.py", line 84, in wrapped
    return just_run(coro(*args, **kwargs))
  File "/opt/conda/lib/python3.9/site-packages/nbclient/util.py", line 62, in just_run
    return loop.run_until_complete(coro)
  File "/opt/conda/lib/python3.9/asyncio/base_events.py", line 647, in run_until_complete
    return future.result()
  File "/opt/conda/lib/python3.9/site-packages/nbclient/client.py", line 663, in async_execute
    await self.async_execute_cell(
  File "/opt/conda/lib/python3.9/site-packages/nbclient/client.py", line 965, in async_execute_cell
    await self._check_raise_for_error(cell, cell_index, exec_reply)
  File "/opt/conda/lib/python3.9/site-packages/nbclient/client.py", line 862, in _check_raise_for_error
    raise CellExecutionError.from_cell_and_msg(cell, exec_reply_content)
nbclient.exceptions.CellExecutionError: An error occurred while executing the following cell:
------------------
from ocpmodels.datasets import TrajectoryLmdbDataset, SinglePointLmdbDataset

# TrajectoryLmdbDataset is our custom Dataset method to read the lmdbs as Data objects. Note that we need to give the path to the folder containing lmdbs for S2EF
dataset = TrajectoryLmdbDataset({"src": "data/s2ef/train_100/"})

print("Size of the dataset created:", len(dataset))
print(dataset[0])
------------------

[0;31m---------------------------------------------------------------------------[0m
[0;31mInvalidError[0m                              Traceback (most recent call last)
Input [0;32mIn [19][0m, in [0;36m<cell line: 4>[0;34m()[0m
[1;32m      1[0m [38;5;28;01mfrom[39;00m [38;5;21;01mocpmodels[39;00m[38;5;21;01m.[39;00m[38;5;21;01mdatasets[39;00m [38;5;28;01mimport[39;00m TrajectoryLmdbDataset, SinglePointLmdbDataset
[1;32m      3[0m [38;5;66;03m# TrajectoryLmdbDataset is our custom Dataset method to read the lmdbs as Data objects. Note that we need to give the path to the folder containing lmdbs for S2EF[39;00m
[0;32m----> 4[0m dataset [38;5;241m=[39m [43mTrajectoryLmdbDataset[49m[43m([49m[43m{[49m[38;5;124;43m"[39;49m[38;5;124;43msrc[39;49m[38;5;124;43m"[39;49m[43m:[49m[43m [49m[38;5;124;43m"[39;49m[38;5;124;43mdata/s2ef/train_100/[39;49m[38;5;124;43m"[39;49m[43m}[49m[43m)[49m
[1;32m      6[0m [38;5;28mprint[39m([38;5;124m"[39m[38;5;124mSize of the dataset created:[39m[38;5;124m"[39m, [38;5;28mlen[39m(dataset))
[1;32m      7[0m [38;5;28mprint[39m(dataset[[38;5;241m0[39m])

File [0;32m/opt/ocp/ocpmodels/datasets/lmdb_dataset.py:138[0m, in [0;36mTrajectoryLmdbDataset.__init__[0;34m(self, config, transform)[0m
[1;32m    137[0m [38;5;28;01mdef[39;00m [38;5;21m__init__[39m([38;5;28mself[39m, config, transform[38;5;241m=[39m[38;5;28;01mNone[39;00m):
[0;32m--> 138[0m     [38;5;28;43msuper[39;49m[43m([49m[43mTrajectoryLmdbDataset[49m[43m,[49m[43m [49m[38;5;28;43mself[39;49m[43m)[49m[38;5;241;43m.[39;49m[38;5;21;43m__init__[39;49m[43m([49m[43mconfig[49m[43m,[49m[43m [49m[43mtransform[49m[43m)[49m
[1;32m    139[0m     warnings[38;5;241m.[39mwarn(
[1;32m    140[0m         [38;5;124m"[39m[38;5;124mTrajectoryLmdbDataset is deprecated and will be removed in the future.[39m[38;5;124m"[39m
[1;32m    141[0m         [38;5;124m"[39m[38;5;124mPlease use [39m[38;5;124m'[39m[38;5;124mLmdbDataset[39m[38;5;124m'[39m[38;5;124m instead.[39m[38;5;124m"[39m,
[1;32m    142[0m         stacklevel[38;5;241m=[39m[38;5;241m3[39m,
[1;32m    143[0m     )

File [0;32m/opt/ocp/ocpmodels/datasets/lmdb_dataset.py:56[0m, in [0;36mLmdbDataset.__init__[0;34m(self, config, transform)[0m
[1;32m     54[0m [38;5;28mself[39m[38;5;241m.[39m_keys, [38;5;28mself[39m[38;5;241m.[39menvs [38;5;241m=[39m [], []
[1;32m     55[0m [38;5;28;01mfor[39;00m db_path [38;5;129;01min[39;00m db_paths:
[0;32m---> 56[0m     [38;5;28mself[39m[38;5;241m.[39menvs[38;5;241m.[39mappend([38;5;28;43mself[39;49m[38;5;241;43m.[39;49m[43mconnect_db[49m[43m([49m[43mdb_path[49m[43m)[49m)
[1;32m     57[0m     length [38;5;241m=[39m pickle[38;5;241m.[39mloads(
[1;32m     58[0m         [38;5;28mself[39m[38;5;241m.[39menvs[[38;5;241m-[39m[38;5;241m1[39m][38;5;241m.[39mbegin()[38;5;241m.[39mget([38;5;124m"[39m[38;5;124mlength[39m[38;5;124m"[39m[38;5;241m.[39mencode([38;5;124m"[39m[38;5;124mascii[39m[38;5;124m"[39m))
[1;32m     59[0m     )
[1;32m     60[0m     [38;5;28mself[39m[38;5;241m.[39m_keys[38;5;241m.[39mappend([38;5;28mlist[39m([38;5;28mrange[39m(length)))

File [0;32m/opt/ocp/ocpmodels/datasets/lmdb_dataset.py:107[0m, in [0;36mLmdbDataset.connect_db[0;34m(self, lmdb_path)[0m
[1;32m    106[0m [38;5;28;01mdef[39;00m [38;5;21mconnect_db[39m([38;5;28mself[39m, lmdb_path[38;5;241m=[39m[38;5;28;01mNone[39;00m):
[0;32m--> 107[0m     env [38;5;241m=[39m [43mlmdb[49m[38;5;241;43m.[39;49m[43mopen[49m[43m([49m
[1;32m    108[0m [43m        [49m[38;5;28;43mstr[39;49m[43m([49m[43mlmdb_path[49m[43m)[49m[43m,[49m
[1;32m    109[0m [43m        [49m[43msubdir[49m[38;5;241;43m=[39;49m[38;5;28;43;01mFalse[39;49;00m[43m,[49m
[1;32m    110[0m [43m        [49m[43mreadonly[49m[38;5;241;43m=[39;49m[38;5;28;43;01mTrue[39;49;00m[43m,[49m
[1;32m    111[0m [43m        [49m[43mlock[49m[38;5;241;43m=[39;49m[38;5;28;43;01mFalse[39;49;00m[43m,[49m
[1;32m    112[0m [43m        [49m[43mreadahead[49m[38;5;241;43m=[39;49m[38;5;28;43;01mFalse[39;49;00m[43m,[49m
[1;32m    113[0m [43m        [49m[43mmeminit[49m[38;5;241;43m=[39;49m[38;5;28;43;01mFalse[39;49;00m[43m,[49m
[1;32m    114[0m [43m        [49m[43mmax_readers[49m[38;5;241;43m=[39;49m[38;5;241;43m1[39;49m[43m,[49m
[1;32m    115[0m [43m    [49m[43m)[49m
[1;32m    116[0m     [38;5;28;01mreturn[39;00m env

[0;31mInvalidError[0m: data/s2ef/train_100/data.lmdb: MDB_INVALID: File is not an LMDB file
InvalidError: data/s2ef/train_100/data.lmdb: MDB_INVALID: File is not an LMDB file

