Traceback (most recent call last):
  File "/opt/conda/lib/python3.9/site-packages/jupyter_cache/executors/utils.py", line 51, in single_nb_execution
    executenb(
  File "/opt/conda/lib/python3.9/site-packages/nbclient/client.py", line 1204, in execute
    return NotebookClient(nb=nb, resources=resources, km=km, **kwargs).execute()
  File "/opt/conda/lib/python3.9/site-packages/nbclient/util.py", line 84, in wrapped
    return just_run(coro(*args, **kwargs))
  File "/opt/conda/lib/python3.9/site-packages/nbclient/util.py", line 62, in just_run
    return loop.run_until_complete(coro)
  File "/opt/conda/lib/python3.9/asyncio/base_events.py", line 647, in run_until_complete
    return future.result()
  File "/opt/conda/lib/python3.9/site-packages/nbclient/client.py", line 663, in async_execute
    await self.async_execute_cell(
  File "/opt/conda/lib/python3.9/site-packages/nbclient/client.py", line 965, in async_execute_cell
    await self._check_raise_for_error(cell, cell_index, exec_reply)
  File "/opt/conda/lib/python3.9/site-packages/nbclient/client.py", line 862, in _check_raise_for_error
    raise CellExecutionError.from_cell_and_msg(cell, exec_reply_content)
nbclient.exceptions.CellExecutionError: An error occurred while executing the following cell:
------------------
# This is the scikit-learn equivalent way of doing what we did in class. 
# I've include the code here to get you started. Look through the links above 
# for documentation on each of the pieces!

from sklearn.linear_model import LinearRegression
from sklearn.model_selection import TimeSeriesSplit, cross_validate
from sklearn.pipeline import make_pipeline
from sklearn.preprocessing import PolynomialFeatures

# We expect a dataframe df_trainval generated above that contains the train and validation data
df_train, df_val = train_test_split(df_trainval, test_size=0.1, shuffle=False)

# Make a pipeline where we first generate quadratic polynomial features from the time data
# then fit using linear regression
model = make_pipeline(PolynomialFeatures(2), LinearRegression())

# Evaluate the model by generate 5 different train/val splits using TimseSeriesSplit,
# fitting the model from above on each train, and evaluating the MAE for the validation in each
cross_validate(
    model,
    df_train["decimal"].values.reshape(-1, 1), # The date in decimal format, X
    df_train["ppm"].values, # the CO2 concentration in ppm, y
    cv=TimeSeriesSplit(),
    scoring=["neg_mean_absolute_error", "neg_root_mean_squared_error"],
)
------------------

[0;31m---------------------------------------------------------------------------[0m
[0;31mNameError[0m                                 Traceback (most recent call last)
Input [0;32mIn [1][0m, in [0;36m<cell line: 11>[0;34m()[0m
[1;32m      8[0m [38;5;28;01mfrom[39;00m [38;5;21;01msklearn[39;00m[38;5;21;01m.[39;00m[38;5;21;01mpreprocessing[39;00m [38;5;28;01mimport[39;00m PolynomialFeatures
[1;32m     10[0m [38;5;66;03m# We expect a dataframe df_trainval generated above that contains the train and validation data[39;00m
[0;32m---> 11[0m df_train, df_val [38;5;241m=[39m [43mtrain_test_split[49m(df_trainval, test_size[38;5;241m=[39m[38;5;241m0.1[39m, shuffle[38;5;241m=[39m[38;5;28;01mFalse[39;00m)
[1;32m     13[0m [38;5;66;03m# Make a pipeline where we first generate quadratic polynomial features from the time data[39;00m
[1;32m     14[0m [38;5;66;03m# then fit using linear regression[39;00m
[1;32m     15[0m model [38;5;241m=[39m make_pipeline(PolynomialFeatures([38;5;241m2[39m), LinearRegression())

[0;31mNameError[0m: name 'train_test_split' is not defined
NameError: name 'train_test_split' is not defined

